<?xml version="1.0" encoding="UTF-8"?>
<testng-results skipped="0" failed="0" ignored="0" total="1" passed="1">
  <reporter-output>
  </reporter-output>
  <suite name="Default suite" duration-ms="10754" started-at="2021-06-20T15:23:35 IST" finished-at="2021-06-20T15:23:46 IST">
    <groups>
    </groups>
    <test name="Default test" duration-ms="10754" started-at="2021-06-20T15:23:35 IST" finished-at="2021-06-20T15:23:46 IST">
      <class name="TestCases.DynamicWebTable">
        <test-method status="PASS" signature="dynamicvaluesvalidation()[pri:0, instance:TestCases.DynamicWebTable@bd8db5a]" name="dynamicvaluesvalidation" duration-ms="10605" started-at="2021-06-20T15:23:35 IST" finished-at="2021-06-20T15:23:46 IST">
          <reporter-output>
          </reporter-output>
        </test-method> <!-- dynamicvaluesvalidation -->
      </class> <!-- TestCases.DynamicWebTable -->
    </test> <!-- Default test -->
  </suite> <!-- Default suite -->
</testng-results>
